[20:46:09] [main/INFO] (FabricLoader) Loading for game Minecraft 1.16.5
[20:46:09] [main/INFO] (Fabric|Loader) [FabricLoader] Loading 51 mods: fabric-renderer-api-v1@0.4.1+ca58154a7d, fabric-keybindings-v0@0.2.1+ca58154a7d, fabricloader@0.11.3, testmod@1.0.5, fabric-structure-api-v1@1.1.4+ca58154a7d, fabric-containers-v0@0.1.11+9354966b7d, fabric-object-builder-api-v1@1.9.4+9354966b7d, fabric-dimensions-v1@2.0.6+9354966b7d, java@11, fabric-game-rule-api-v1@1.0.6+ca58154a7d, fabric-api-base@0.2.1+9354966b7d, fabric-rendering-data-attachment-v1@0.1.5+ca58154a7d, fabric-textures-v0@1.0.6+ca58154a7d, fabric-rendering-fluids-v1@0.1.13+ca58154a7d, fabric-blockrenderlayer-v1@1.1.5+ca58154a7d, fabric-lifecycle-events-v1@1.2.1+ca58154a7d, fabric-renderer-registries-v1@2.2.1+ca58154a7d, fabric-loot-tables-v1@1.0.2+ca58154a7d, fabric@0.32.5+1.16, fabric-particles-v1@0.2.4+ca58154a7d, fabric-networking-v0@0.3.2+ca58154a7d, fabric-api-lookup-api-v1@1.0.0+dc716ea17d, fabric-screen-handler-api-v1@1.1.5+9354966b7d, fabric-networking-blockentity-v0@0.2.8+ca58154a7d, minecraft@1.16.5, modmenu@1.14.6+build.31, fabric-command-api-v1@1.1.1+351679a77d, cloth-basic-math@0.5.1, fabric-screen-api-v1@1.0.0+c045166c7d, fabric-tool-attribute-api-v1@1.2.6+ca58154a7d, fabric-renderer-indigo@0.4.4+ca58154a7d, fabric-crash-report-info-v1@0.1.3+ca58154a7d, fabric-events-interaction-v0@0.4.2+ca58154a7d, fabric-item-api-v1@1.2.1+ca58154a7d, fabric-entity-events-v1@1.0.3+ca58154a7d, fabric-rendering-v0@1.1.2+ca58154a7d, fabric-key-binding-api-v1@1.0.4+9354966b7d, fabric-rendering-v1@1.5.1+ca58154a7d, cloth-config2@4.11.19, fabric-resource-loader-v0@0.4.2+ca58154a7d, fabric-content-registries-v0@0.2.1+ca58154a7d, fabric-tag-extensions-v0@1.1.1+ca58154a7d, fabric-biome-api-v1@3.1.1+ca58154a7d, fabric-commands-v0@0.2.2+ca58154a7d, fabric-registry-sync-v0@0.7.4+ca58154a7d, fabric-mining-levels-v0@0.1.3+ca58154a7d, fabric-networking-api-v1@1.0.1+ca58154a7d, fabric-events-lifecycle-v0@0.2.1+ca58154a7d, fabric-models-v0@0.2.1+ca58154a7d, fabric-item-groups-v0@0.2.5+351679a77d, fabric-object-builders-v0@0.7.2+ca58154a7d
[20:46:10] [main/INFO] (mixin) SpongePowered MIXIN Subsystem Version=0.8.2 Source=file:/C:/Users/MSI/.gradle/caches/modules-2/files-2.1/net.fabricmc/sponge-mixin/0.9.2+mixin.0.8.2/12c437eebf031967eaa7daad861e115932772cc7/sponge-mixin-0.9.2+mixin.0.8.2.jar Service=Knot/Fabric Env=CLIENT
[20:46:10] [main/INFO] (Fabric|MixinBootstrap) Loaded Fabric development mappings for mixin remapper!
[20:46:10] [main/INFO] (mixin) Remapping refMap fabric-networking-blockentity-v0-refmap.json using remapper chain
[20:46:10] [main/INFO] (mixin) Remapping refMap fabric-screen-handler-api-v1-refmap.json using remapper chain
[20:46:10] [main/INFO] (mixin) Remapping refMap fabric-lifecycle-events-v1-refmap.json using remapper chain
[20:46:10] [main/INFO] (mixin) Remapping refMap fabric-containers-v0-refmap.json using remapper chain
[20:46:10] [main/INFO] (mixin) Remapping refMap fabric-rendering-data-attachment-v1-refmap.json using remapper chain
[20:46:10] [main/INFO] (mixin) Remapping refMap fabric-renderer-indigo-refmap.json using remapper chain
[20:46:10] [main/INFO] (mixin) Remapping refMap fabric-structure-api-v1-refmap.json using remapper chain
[20:46:10] [main/INFO] (mixin) Remapping refMap fabric-events-interaction-v0-refmap.json using remapper chain
[20:46:10] [main/INFO] (mixin) Remapping refMap fabric-item-api-v1-refmap.json using remapper chain
[20:46:10] [main/INFO] (mixin) Remapping refMap fabric-loot-tables-v1-refmap.json using remapper chain
[20:46:10] [main/INFO] (mixin) Remapping refMap fabric-object-builder-api-v1-refmap.json using remapper chain
[20:46:10] [main/INFO] (mixin) Remapping refMap fabric-screen-api-v1-refmap.json using remapper chain
[20:46:10] [main/INFO] (mixin) Remapping refMap fabric-dimensions-v1-refmap.json using remapper chain
[20:46:10] [main/INFO] (mixin) Remapping refMap fabric-renderer-registries-v1-refmap.json using remapper chain
[20:46:10] [main/INFO] (mixin) Remapping refMap fabric-textures-v0-refmap.json using remapper chain
[20:46:10] [main/INFO] (mixin) Remapping refMap fabric-registry-sync-v0-refmap.json using remapper chain
[20:46:10] [main/INFO] (mixin) Remapping refMap fabric-models-v0-refmap.json using remapper chain
[20:46:10] [main/INFO] (mixin) Remapping refMap fabric-blockrenderlayer-v1-refmap.json using remapper chain
[20:46:10] [main/INFO] (mixin) Remapping refMap fabric-renderer-api-v1-refmap.json using remapper chain
[20:46:10] [main/INFO] (mixin) Remapping refMap fabric-containers-v0-refmap.json using remapper chain
[20:46:10] [main/INFO] (mixin) Remapping refMap fabric-rendering-fluids-v1-refmap.json using remapper chain
[20:46:10] [main/INFO] (mixin) Remapping refMap fabric-biome-api-v1-refmap.json using remapper chain
[20:46:10] [main/INFO] (mixin) Remapping refMap fabric-resource-loader-v0-refmap.json using remapper chain
[20:46:10] [main/INFO] (mixin) Remapping refMap fabric-game-rule-api-v1-refmap.json using remapper chain
[20:46:10] [main/INFO] (mixin) Remapping refMap fabric-networking-api-v1-refmap.json using remapper chain
[20:46:10] [main/INFO] (mixin) Remapping refMap fabric-particles-v1-refmap.json using remapper chain
[20:46:10] [main/INFO] (mixin) Remapping refMap fabric-object-builders-refmap.json using remapper chain
[20:46:10] [main/INFO] (mixin) Remapping refMap fabric-tag-extensions-v0-refmap.json using remapper chain
[20:46:10] [main/INFO] (mixin) Remapping refMap fabric-tool-attribute-api-v1-refmap.json using remapper chain
[20:46:10] [main/INFO] (mixin) Remapping refMap fabric-rendering-v1-refmap.json using remapper chain
[20:46:10] [main/INFO] (mixin) Remapping refMap fabric-item-groups-v0-refmap.json using remapper chain
[20:46:10] [main/INFO] (mixin) Remapping refMap fabric-content-registries-v0-refmap.json using remapper chain
[20:46:10] [main/INFO] (mixin) Remapping refMap fabric-api-lookup-api-v1-refmap.json using remapper chain
[20:46:10] [main/INFO] (mixin) Remapping refMap fabric-command-api-v1-refmap.json using remapper chain
[20:46:10] [main/INFO] (mixin) Remapping refMap fabric-crash-report-info-v1-refmap.json using remapper chain
[20:46:10] [main/INFO] (mixin) Remapping refMap fabric-entity-events-v1-refmap.json using remapper chain
[20:46:10] [main/INFO] (mixin) Remapping refMap fabric-key-binding-api-v1-refmap.json using remapper chain
[20:46:10] [main/INFO] (mixin) Remapping refMap fabric-renderer-api-v1-refmap.json using remapper chain
[20:46:10] [main/INFO] (mixin) Remapping refMap modmenu.refmap.json using remapper chain
[20:46:10] [main/WARN] (mixin) @Mixin target net/minecraft/client/render/block/BlockModelRenderer$AmbientOcclusionCalculator is public in fabric-renderer-indigo.mixins.json:MixinAmbientOcclusionCalculator and should be specified in value
[20:46:10] [main/WARN] (mixin) @Mixin target net/minecraft/client/render/chunk/ChunkBuilder$BuiltChunk$RebuildTask is public in fabric-renderer-indigo.mixins.json:MixinChunkRebuildTask and should be specified in value
[20:46:10] [main/WARN] (mixin) @Mixin target net/minecraft/village/TradeOffers$TypeAwareBuyForOneEmeraldFactory is public in fabric-object-builder-v1.mixins.json:TypeAwareTradeMixin and should be specified in value
[20:46:11] [main/WARN] (mixin) @Mixin target net/minecraft/client/font/FontManager$1 is public in fabric-resource-loader-v0.mixins.json:client.FontManagerResourceReloadListenerMixin and should be specified in value
[20:46:11] [main/WARN] (mixin) @Mixin target net/minecraft/server/command/GameRuleCommand$1 is public in fabric-game-rule-api-v1.mixins.json:GameRuleCommandVisitorMixin and should be specified in value
[20:46:11] [main/WARN] (mixin) @Mixin target net/minecraft/client/gui/screen/world/EditGameRulesScreen$RuleListWidget$1 is public in fabric-game-rule-api-v1.mixins.json:client.RuleListWidgetVisitorMixin and should be specified in value
[20:46:11] [main/WARN] (mixin) @Mixin target net/minecraft/server/world/ThreadedAnvilChunkStorage$EntityTracker is public in fabric-networking-api-v1.mixins.json:accessor.EntityTrackerAccessor and should be specified in value
[20:46:11] [main/WARN] (mixin) @Mixin target net/minecraft/client/particle/ParticleManager$SimpleSpriteProvider is public in fabric-particles-v1.mixins.json:ParticleManagerAccessor$SimpleSpriteProviderAccessor and should be specified in value
[20:46:11] [main/WARN] (mixin) @Mixin target net/minecraft/tag/Tag$1 is public in fabric-tag-extensions-v0.mixins.json:MixinTagImpl and should be specified in value
[20:46:11] [main/WARN] (mixin) @Mixin target net/minecraft/tag/RequiredTagList$TagWrapper is public in fabric-tag-extensions-v0.mixins.json:MixinTagImpl and should be specified in value
[20:46:11] [main/WARN] (mixin) @Mixin target net/minecraft/client/gui/widget/EntryListWidget$Entries is public in mixins.modmenu.json:MixinEntryListWidgetEntries and should be specified in value
[20:46:16] [main/INFO] (Minecraft) Environment: authHost='https://authserver.mojang.com', accountsHost='https://api.mojang.com', sessionHost='https://sessionserver.mojang.com', servicesHost='https://api.minecraftservices.com', name='PROD'
[20:46:17] [main/ERROR] (Minecraft) Failed to verify authentication
com.mojang.authlib.exceptions.AuthenticationUnavailableException: null
	at com.mojang.authlib.yggdrasil.YggdrasilSocialInteractionsService.checkPrivileges(YggdrasilSocialInteractionsService.java:97) ~[authlib-2.1.28.jar:?]
	at com.mojang.authlib.yggdrasil.YggdrasilSocialInteractionsService.<init>(YggdrasilSocialInteractionsService.java:40) ~[authlib-2.1.28.jar:?]
	at com.mojang.authlib.yggdrasil.YggdrasilAuthenticationService.createSocialInteractionsService(YggdrasilAuthenticationService.java:152) ~[authlib-2.1.28.jar:?]
	at net.minecraft.client.MinecraftClient.method_31382(MinecraftClient.java:563) [minecraft-1.16.5-mapped-net.fabricmc.yarn-1.16.5+build.6-v2.jar:?]
	at net.minecraft.client.MinecraftClient.<init>(MinecraftClient.java:398) [minecraft-1.16.5-mapped-net.fabricmc.yarn-1.16.5+build.6-v2.jar:?]
	at net.minecraft.client.main.Main.main(Main.java:149) [minecraft-1.16.5-mapped-net.fabricmc.yarn-1.16.5+build.6-v2.jar:?]
	at jdk.internal.reflect.NativeMethodAccessorImpl.invoke0(Native Method) ~[?:?]
	at jdk.internal.reflect.NativeMethodAccessorImpl.invoke(NativeMethodAccessorImpl.java:62) ~[?:?]
	at jdk.internal.reflect.DelegatingMethodAccessorImpl.invoke(DelegatingMethodAccessorImpl.java:43) ~[?:?]
	at java.lang.reflect.Method.invoke(Method.java:566) ~[?:?]
	at net.fabricmc.loader.game.MinecraftGameProvider.launch(MinecraftGameProvider.java:226) [fabric-loader-0.11.3.jar:?]
	at net.fabricmc.loader.launch.knot.Knot.launch(Knot.java:146) [fabric-loader-0.11.3.jar:?]
	at net.fabricmc.loader.launch.knot.KnotClient.main(KnotClient.java:28) [fabric-loader-0.11.3.jar:?]
	at net.fabricmc.devlaunchinjector.Main.main(Main.java:86) [dev-launch-injector-0.2.1+build.8.jar:?]
[20:46:17] [main/INFO] (Minecraft) Setting user: Player268
[20:46:18] [main/INFO] (Indigo) [Indigo] Registering Indigo renderer!
[20:46:18] [main/INFO] (Minecraft) Backend library: LWJGL version 3.2.2 build 10
[20:46:21] [main/INFO] (Minecraft) Narrator library for x64 successfully loaded
[20:46:21] [main/INFO] (Minecraft) [STDOUT]: This line is printed by an example mod mixin!
[20:46:21] [main/INFO] (Minecraft) Reloading ResourceManager: Default, Fabric Mods (Fabric Renderer API (v1), Fabric Key Bindings (v0), Fabric Loader, Test Mod, Fabric Structure API (v1), Fabric Containers (v0), Fabric Object Builder API (v1), Fabric Game Rule API (v1), Fabric API Base, Fabric Rendering Data Attachment (v1), Fabric Textures (v0), Fabric Rendering Fluids (v1), Fabric BlockRenderLayer Registration (v1), Fabric Lifecycle Events (v1), Fabric Renderer Registries (v1), Fabric Loot Tables (v1), Fabric API, Fabric Particles (v1), Fabric Networking (v0), Fabric API Lookup API (v1), Fabric Screen Handler API (v1), Fabric Networking Block Entity (v0), Mod Menu, Fabric Command API (v1), Fabric Screen API (v1), Fabric Tool Attribute API (v1), Fabric Renderer - Indigo, Fabric Crash Report Info (v1), Fabric Events Interaction (v0), Fabric Item API (v1), Fabric Entity Events (v1), Fabric Rendering (v0), Fabric Key Binding API (v1), Fabric Rendering (v1), Cloth Config v4, Fabric Resource Loader (v0), Fabric Content Registries (v0), Fabric Tag Extensions (v0), Fabric Biome API (v1), Fabric Commands (v0), Fabric Registry Sync (v0), Fabric Mining Levels (v0), Fabric Networking API (v1), Fabric Events Lifecycle (v0), Fabric Models (v0), Fabric Item Groups (v0), Fabric Object Builders (v0))
[20:46:22] [Realms Notification Availability checker #1/INFO] (Minecraft) Could not authorize you against Realms server: Invalid session id
[20:46:29] [main/INFO] (Minecraft) OpenAL initialized.
[20:46:29] [main/INFO] (Minecraft) Sound engine started
[20:46:30] [main/INFO] (Minecraft) Created: 1024x1024x4 minecraft:textures/atlas/blocks.png-atlas
[20:46:30] [main/INFO] (Minecraft) Created: 256x128x4 minecraft:textures/atlas/signs.png-atlas
[20:46:30] [main/INFO] (Minecraft) Created: 1024x512x4 minecraft:textures/atlas/banner_patterns.png-atlas
[20:46:30] [main/INFO] (Minecraft) Created: 1024x512x4 minecraft:textures/atlas/shield_patterns.png-atlas
[20:46:30] [main/INFO] (Minecraft) Created: 256x256x4 minecraft:textures/atlas/chest.png-atlas
[20:46:30] [main/INFO] (Minecraft) Created: 512x256x4 minecraft:textures/atlas/beds.png-atlas
[20:46:30] [main/INFO] (Minecraft) Created: 512x256x4 minecraft:textures/atlas/shulker_boxes.png-atlas
[20:46:31] [main/INFO] (Minecraft) Created: 256x256x0 minecraft:textures/atlas/particles.png-atlas
[20:46:31] [main/INFO] (Minecraft) Created: 256x256x0 minecraft:textures/atlas/paintings.png-atlas
[20:46:31] [main/INFO] (Minecraft) Created: 256x128x0 minecraft:textures/atlas/mob_effects.png-atlas
[20:46:31] [main/INFO] (Minecraft) [STDOUT]: This line is printed by an example mod mixin!
[20:47:04] [main/INFO] (Minecraft) [STDOUT]: save this apple
[20:47:04] [main/INFO] (Minecraft) [STDOUT]: save this apple
[20:47:04] [main/INFO] (Minecraft) [STDOUT]: save this apple
[20:47:04] [main/INFO] (Minecraft) [STDOUT]: save this apple
[20:47:04] [main/INFO] (Minecraft) [STDOUT]: save this apple
[20:47:04] [main/INFO] (Minecraft) [STDOUT]: save this apple
[20:47:04] [main/INFO] (Minecraft) [STDOUT]: save this apple
[20:47:04] [main/INFO] (Minecraft) [STDOUT]: save this apple
[20:47:04] [main/INFO] (Minecraft) [STDOUT]: save this apple
[20:47:04] [main/INFO] (Minecraft) [STDOUT]: save this apple
[20:47:04] [main/INFO] (Minecraft) [STDOUT]: save this apple
[20:48:23] [main/INFO] (Minecraft) [STDOUT]: This line is printed by an example mod mixin!
[20:48:27] [main/INFO] (Minecraft) [STDOUT]: This line is printed by an example mod mixin!
[20:48:30] [main/INFO] (Minecraft) [STDOUT]: This line is printed by an example mod mixin!
[20:48:31] [main/INFO] (Minecraft) [STDOUT]: This line is printed by an example mod mixin!
[20:48:34] [main/INFO] (Minecraft) Stopping!
